Using pre-set license
Built from '2020.3/staging' branch; Version is '2020.3.26f1 (7298b473bc1a) revision 7510196'; Using compiler version '192528614'; Build Type 'Release'
OS: 'Windows 11  (10.0.22526) 64bit Core' Language: 'sr' Physical Memory: 16319 MB
BatchMode: 1, IsHumanControllingUs: 0, StartBugReporterOnCrash: 0, Is64bit: 1, IsPro: 0

COMMAND LINE ARGUMENTS:
C:\Program Files\Unity\Hub\Editor\2020.3.26f1\Editor\Unity.exe
-adb2
-batchMode
-noUpm
-name
AssetImportWorker0
-projectPath
D:/dev/AbstractMarkerAR
-logFile
Logs/AssetImportWorker0.log
-srvPort
63582
Successfully changed project path to: D:/dev/AbstractMarkerAR
D:/dev/AbstractMarkerAR
Using Asset Import Pipeline V2.
Refreshing native plugins compatible for Editor in 435.24 ms, found 11 plugins.
Preloading 1 native plugins for Editor in 30.96 ms.
Initialize engine version: 2020.3.26f1 (7298b473bc1a)
[Subsystems] Discovering subsystems at path C:/Program Files/Unity/Hub/Editor/2020.3.26f1/Editor/Data/Resources/UnitySubsystems
[Subsystems] Discovering subsystems at path D:/dev/AbstractMarkerAR/Assets
GfxDevice: creating device client; threaded=0
Direct3D:
    Version:  Direct3D 11.0 [level 11.1]
    Renderer: NVIDIA GeForce GTX 1060 (ID=0x1c20)
    Vendor:   
    VRAM:     2987 MB
    Driver:   30.0.14.7196
Initialize mono
Mono path[0] = 'C:/Program Files/Unity/Hub/Editor/2020.3.26f1/Editor/Data/Managed'
Mono path[1] = 'C:/Program Files/Unity/Hub/Editor/2020.3.26f1/Editor/Data/MonoBleedingEdge/lib/mono/unityjit'
Mono config path = 'C:/Program Files/Unity/Hub/Editor/2020.3.26f1/Editor/Data/MonoBleedingEdge/etc'
Using monoOptions --debugger-agent=transport=dt_socket,embedding=1,server=y,suspend=n,address=127.0.0.1:56296
Begin MonoManager ReloadAssembly
Registering precompiled unity dll's ...
Register platform support module: C:/Program Files/Unity/Hub/Editor/2020.3.26f1/Editor/Data/PlaybackEngines/WindowsStandaloneSupport/UnityEditor.WindowsStandalone.Extensions.dll
Registered in 0.001967 seconds.
Native extension for WindowsStandalone target not found
Refreshing native plugins compatible for Editor in 69.18 ms, found 11 plugins.
Preloading 1 native plugins for Editor in 0.09 ms.
Mono: successfully reloaded assembly
- Completed reload, in  0.737 seconds
Domain Reload Profiling:
	ReloadAssembly (737ms)
		BeginReloadAssembly (59ms)
			ExecutionOrderSort (0ms)
			DisableScriptedObjects (0ms)
			BackupInstance (0ms)
			ReleaseScriptingObjects (0ms)
			CreateAndSetChildDomain (1ms)
		EndReloadAssembly (592ms)
			LoadAssemblies (57ms)
			RebuildTransferFunctionScriptingTraits (0ms)
			SetupTypeCache (196ms)
			ReleaseScriptCaches (0ms)
			RebuildScriptCaches (38ms)
			SetupLoadedEditorAssemblies (226ms)
				LogAssemblyErrors (0ms)
				InitializePlatformSupportModulesInManaged (5ms)
				SetLoadedEditorAssemblies (0ms)
				RefreshPlugins (69ms)
				BeforeProcessingInitializeOnLoad (19ms)
				ProcessInitializeOnLoadAttributes (101ms)
				ProcessInitializeOnLoadMethodAttributes (32ms)
				AfterProcessingInitializeOnLoad (0ms)
				EditorAssembliesLoaded (0ms)
			ExecutionOrderSort2 (0ms)
			AwakeInstancesAfterBackupRestoration (0ms)
Platform modules already initialized, skipping
Registering precompiled user dll's ...
Registered in 0.112298 seconds.
Begin MonoManager ReloadAssembly
Native extension for WindowsStandalone target not found
Refreshing native plugins compatible for Editor in 57.36 ms, found 11 plugins.
Preloading 1 native plugins for Editor in 0.07 ms.
Mono: successfully reloaded assembly
- Completed reload, in  1.389 seconds
Domain Reload Profiling:
	ReloadAssembly (1390ms)
		BeginReloadAssembly (164ms)
			ExecutionOrderSort (0ms)
			DisableScriptedObjects (5ms)
			BackupInstance (0ms)
			ReleaseScriptingObjects (0ms)
			CreateAndSetChildDomain (22ms)
		EndReloadAssembly (1151ms)
			LoadAssemblies (142ms)
			RebuildTransferFunctionScriptingTraits (0ms)
			SetupTypeCache (379ms)
			ReleaseScriptCaches (0ms)
			RebuildScriptCaches (54ms)
			SetupLoadedEditorAssemblies (423ms)
				LogAssemblyErrors (0ms)
				InitializePlatformSupportModulesInManaged (3ms)
				SetLoadedEditorAssemblies (0ms)
				RefreshPlugins (58ms)
				BeforeProcessingInitializeOnLoad (111ms)
				ProcessInitializeOnLoadAttributes (233ms)
				ProcessInitializeOnLoadMethodAttributes (11ms)
				AfterProcessingInitializeOnLoad (7ms)
				EditorAssembliesLoaded (0ms)
			ExecutionOrderSort2 (0ms)
			AwakeInstancesAfterBackupRestoration (8ms)
Platform modules already initialized, skipping
========================================================================
Worker process is ready to serve import requests
Launched and connected shader compiler UnityShaderCompiler.exe after 0.16 seconds
Refreshing native plugins compatible for Editor in 1.47 ms, found 11 plugins.
Preloading 1 native plugins for Editor in 0.19 ms.
Unloading 2310 Unused Serialized files (Serialized files now loaded: 0)
System memory in use before: 93.1 MB.
System memory in use after: 93.3 MB.

Unloading 41 unused Assets to reduce memory usage. Loaded Objects now: 2750.
Total: 4.322300 ms (FindLiveObjects: 0.233800 ms CreateObjectMapping: 0.116600 ms MarkObjects: 3.835400 ms  DeleteObjects: 0.134800 ms)

AssetImportParameters requested are different than current active one (requested -> active):
  custom:framework-win-MediaFoundation: 216162199b28c13a410421893ffa2e32 -> 
  custom:video-decoder-ogg-theora: a1e56fd34408186e4bbccfd4996cb3dc -> 
  custom:container-muxer-webm: aa71ff27fc2769a1b78a27578f13a17b -> 
  custom:container-demuxer-webm: 4f35f7cbe854078d1ac9338744f61a02 -> 
  custom:container-demuxer-ogg: 62fdf1f143b41e24485cea50d1cbac27 -> 
  custom:video-encoder-webm-vp8: eb34c28f22e8b96e1ab97ce403110664 -> 
  custom:video-codec-MediaFoundation-h265: 746d11721c4dcdbdad8f713fa42b33f4 -> 
  custom:video-decoder-webm-vp8: 9c59270c3fd7afecdb556c50c9e8de78 -> 
  custom:audio-decoder-ogg-vorbis: bf7c407c2cedff20999df2af8eb42d56 -> 
  custom:audio-encoder-webm-vorbis: bf7c407c2cedff20999df2af8eb42d56 -> 
========================================================================
Received Import Request.
  path: Assets/Wikitude/Prefabs
  artifactKey: Guid(3537f848e95ba40b992b9af348910032) Importer(815301076,1909f56bfc062723c751e8b465ee728b)
Start importing Assets/Wikitude/Prefabs using Guid(3537f848e95ba40b992b9af348910032) Importer(815301076,1909f56bfc062723c751e8b465ee728b)  -> (artifact id: '2c551404f45e941b9ea60bf7638bc64f') in 0.029258 seconds 
  Import took 0.033852 seconds .

========================================================================
Received Import Request.
  Time since last request: 0.000475 seconds.
  path: Assets/Wikitude/Prefabs/CloudTracker.prefab
  artifactKey: Guid(1a6fa3831730b4a23b8aa9a7bc0cd7d7) Importer(815301076,1909f56bfc062723c751e8b465ee728b)
Start importing Assets/Wikitude/Prefabs/CloudTracker.prefab using Guid(1a6fa3831730b4a23b8aa9a7bc0cd7d7) Importer(815301076,1909f56bfc062723c751e8b465ee728b)  -> (artifact id: '54033d12b8760162a3004a915a010a7c') in 0.113513 seconds 
  Import took 0.117231 seconds .

========================================================================
Received Import Request.
  Time since last request: 0.000484 seconds.
  path: Assets/XR/XRGeneralSettings.asset
  artifactKey: Guid(58f40b12bbc864f3c96c6505a9a1e1e3) Importer(815301076,1909f56bfc062723c751e8b465ee728b)
Start importing Assets/XR/XRGeneralSettings.asset using Guid(58f40b12bbc864f3c96c6505a9a1e1e3) Importer(815301076,1909f56bfc062723c751e8b465ee728b)  -> (artifact id: '4591566b4eacd27e78df7b5958c4b668') in 0.077839 seconds 
  Import took 0.081510 seconds .

========================================================================
Received Import Request.
  Time since last request: 0.000524 seconds.
  path: Assets/Wikitude/Prefabs/ImageTracker.prefab
  artifactKey: Guid(5d47068e592f24de68efe2fc00b2e73b) Importer(815301076,1909f56bfc062723c751e8b465ee728b)
Start importing Assets/Wikitude/Prefabs/ImageTracker.prefab using Guid(5d47068e592f24de68efe2fc00b2e73b) Importer(815301076,1909f56bfc062723c751e8b465ee728b)  -> (artifact id: 'a647a531ebf8d85df3c83c63be2f6fa4') in 0.013223 seconds 
  Import took 0.016763 seconds .

========================================================================
Received Import Request.
  Time since last request: 0.000472 seconds.
  path: Assets/Wikitude/Prefabs/InstantTracker.prefab
  artifactKey: Guid(22a82f69cc1e6477488134598d44ca45) Importer(815301076,1909f56bfc062723c751e8b465ee728b)
Start importing Assets/Wikitude/Prefabs/InstantTracker.prefab using Guid(22a82f69cc1e6477488134598d44ca45) Importer(815301076,1909f56bfc062723c751e8b465ee728b)  -> (artifact id: '91b82714c34423fb23fa856b88f21541') in 0.043247 seconds 
  Import took 0.047329 seconds .

========================================================================
Received Import Request.
  Time since last request: 0.000439 seconds.
  path: Assets/Wikitude/Prefabs/ObjectTracker.prefab
  artifactKey: Guid(78da3f0a9196f486f8452d72d45e3926) Importer(815301076,1909f56bfc062723c751e8b465ee728b)
Start importing Assets/Wikitude/Prefabs/ObjectTracker.prefab using Guid(78da3f0a9196f486f8452d72d45e3926) Importer(815301076,1909f56bfc062723c751e8b465ee728b)  -> (artifact id: '8ccb3d2cb49efb7fb22fc4572f964a6a') in 0.029754 seconds 
  Import took 0.033573 seconds .

========================================================================
Received Import Request.
  Time since last request: 0.000317 seconds.
  path: Assets/Wikitude/Prefabs/WikitudeCamera.prefab
  artifactKey: Guid(b58f1f87dc68947dfb9766f0cb9ec1fc) Importer(815301076,1909f56bfc062723c751e8b465ee728b)
Start importing Assets/Wikitude/Prefabs/WikitudeCamera.prefab using Guid(b58f1f87dc68947dfb9766f0cb9ec1fc) Importer(815301076,1909f56bfc062723c751e8b465ee728b)  -> (artifact id: 'd8404b296467bf0219ca4f52b2c0e1b2') in 0.022343 seconds 
  Import took 0.029272 seconds .

========================================================================
Received Import Request.
  Time since last request: 27.002836 seconds.
  path: Assets/Wikitude/Dependencies/Resources/wikitude_logo.png
  artifactKey: Guid(74a0a0a6d2db6476bb261298b6257ee6) Importer(815301076,1909f56bfc062723c751e8b465ee728b)
Start importing Assets/Wikitude/Dependencies/Resources/wikitude_logo.png using Guid(74a0a0a6d2db6476bb261298b6257ee6) Importer(815301076,1909f56bfc062723c751e8b465ee728b)  -> (artifact id: '99911496f1bf23bee8b8767e60e2deb9') in 0.065352 seconds 
  Import took 0.070686 seconds .

========================================================================
Received Import Request.
  Time since last request: 0.000445 seconds.
  path: Assets/Wikitude/Dependencies/Resources
  artifactKey: Guid(914050c5edc5f41bdaf6009a684293a5) Importer(815301076,1909f56bfc062723c751e8b465ee728b)
Start importing Assets/Wikitude/Dependencies/Resources using Guid(914050c5edc5f41bdaf6009a684293a5) Importer(815301076,1909f56bfc062723c751e8b465ee728b)  -> (artifact id: '70fdeee3fe42f78c61920e17a8481231') in 0.013924 seconds 
  Import took 0.018374 seconds .

========================================================================
Received Import Request.
  Time since last request: 6.233604 seconds.
  path: Assets/StreamingAssets/Wikitude
  artifactKey: Guid(8d850bac145124c798cfb817886ca67f) Importer(815301076,1909f56bfc062723c751e8b465ee728b)
Start importing Assets/StreamingAssets/Wikitude using Guid(8d850bac145124c798cfb817886ca67f) Importer(815301076,1909f56bfc062723c751e8b465ee728b)  -> (artifact id: '972f2e971c5a473efc2dbb61d61ee112') in 0.011681 seconds 
  Import took 0.016842 seconds .

========================================================================
Received Import Request.
  Time since last request: 12.880412 seconds.
  path: Assets/ExampleAssets/Scenes
  artifactKey: Guid(4e7f5acf46ddb42618485f6adf8af0c7) Importer(815301076,1909f56bfc062723c751e8b465ee728b)
Start importing Assets/ExampleAssets/Scenes using Guid(4e7f5acf46ddb42618485f6adf8af0c7) Importer(815301076,1909f56bfc062723c751e8b465ee728b)  -> (artifact id: '9ee4c8cd3b67343d3bb0d8de72865d6b') in 0.011752 seconds 
  Import took 0.016595 seconds .

========================================================================
Received Import Request.
  Time since last request: 136.103331 seconds.
  path: Assets/Wikitude/Samples/Icons/wikitude_icon_android.png
  artifactKey: Guid(6ea1cc188cbe843a0996608ef6a877ad) Importer(815301076,1909f56bfc062723c751e8b465ee728b)
Start importing Assets/Wikitude/Samples/Icons/wikitude_icon_android.png using Guid(6ea1cc188cbe843a0996608ef6a877ad) Importer(815301076,1909f56bfc062723c751e8b465ee728b)  -> (artifact id: 'edceb996a0d18c11b646e77561fa8360') in 0.019427 seconds 
  Import took 0.024338 seconds .

========================================================================
Received Import Request.
  Time since last request: 0.000466 seconds.
  path: Assets/Wikitude/Samples/Icons/wikitude_icon_uwp.png
  artifactKey: Guid(42295a8066517ef4eb1ff63ddc226be3) Importer(815301076,1909f56bfc062723c751e8b465ee728b)
Start importing Assets/Wikitude/Samples/Icons/wikitude_icon_uwp.png using Guid(42295a8066517ef4eb1ff63ddc226be3) Importer(815301076,1909f56bfc062723c751e8b465ee728b)  -> (artifact id: 'f9ff2c80a0025ad5cf3490e08e73b72b') in 0.022738 seconds 
  Import took 0.027408 seconds .

========================================================================
Received Import Request.
  Time since last request: 0.000488 seconds.
  path: Assets/Wikitude/Samples/SamplePrefabs/WikitudeEye.prefab
  artifactKey: Guid(fa8da92d111014b3b8204be52dfcf4d3) Importer(815301076,1909f56bfc062723c751e8b465ee728b)
Start importing Assets/Wikitude/Samples/SamplePrefabs/WikitudeEye.prefab using Guid(fa8da92d111014b3b8204be52dfcf4d3) Importer(815301076,1909f56bfc062723c751e8b465ee728b)  -> (artifact id: '5abad107a28f110786ff0509e577486e') in 0.423058 seconds 
  Import took 0.427773 seconds .

========================================================================
Received Import Request.
  Time since last request: 0.000503 seconds.
  path: Assets/Wikitude/Samples/SamplePrefabs/WikitudePipesTrackable.prefab
  artifactKey: Guid(b64feac3f033840eb9566a16a1734bb5) Importer(815301076,1909f56bfc062723c751e8b465ee728b)
Start importing Assets/Wikitude/Samples/SamplePrefabs/WikitudePipesTrackable.prefab using Guid(b64feac3f033840eb9566a16a1734bb5) Importer(815301076,1909f56bfc062723c751e8b465ee728b)  -> (artifact id: 'bb8eab0f25f57b80612ff9e0c146ed1f') in 0.027335 seconds 
  Import took 0.032439 seconds .

========================================================================
Received Import Request.
  Time since last request: 0.000518 seconds.
  path: Assets/Wikitude/Samples/SamplePrefabs/WikitudeEyeTrackable.prefab
  artifactKey: Guid(2eb2dfcf5c9684fd69bc15fc68a934a6) Importer(815301076,1909f56bfc062723c751e8b465ee728b)
Start importing Assets/Wikitude/Samples/SamplePrefabs/WikitudeEyeTrackable.prefab using Guid(2eb2dfcf5c9684fd69bc15fc68a934a6) Importer(815301076,1909f56bfc062723c751e8b465ee728b)  -> (artifact id: '4a30d32f173b3e20c94da678821170c4') in 0.038135 seconds 
  Import took 0.043532 seconds .

========================================================================
Received Import Request.
  Time since last request: 0.000500 seconds.
  path: Assets/Wikitude/Samples/Models/WikitudeEye.fbx
  artifactKey: Guid(be030e5b1bea742c6b47ffabd0eb2813) Importer(815301076,1909f56bfc062723c751e8b465ee728b)
Start importing Assets/Wikitude/Samples/Models/WikitudeEye.fbx using Guid(be030e5b1bea742c6b47ffabd0eb2813) Importer(815301076,1909f56bfc062723c751e8b465ee728b)  -> (artifact id: '3d0bfd095f33c2a1f20ae558cab87ff9') in 0.084783 seconds 
  Import took 0.089431 seconds .

========================================================================
Received Import Request.
  Time since last request: 0.000324 seconds.
  path: Assets/Wikitude/Samples/Icons/wikitude_icon_ios.png
  artifactKey: Guid(c710173ac8fd242598fccb909873800a) Importer(815301076,1909f56bfc062723c751e8b465ee728b)
Start importing Assets/Wikitude/Samples/Icons/wikitude_icon_ios.png using Guid(c710173ac8fd242598fccb909873800a) Importer(815301076,1909f56bfc062723c751e8b465ee728b)  -> (artifact id: 'b8a46da01936b3857bbe7c30ccc85d5d') in 0.019773 seconds 
  Import took 0.024208 seconds .

========================================================================
Received Import Request.
  Time since last request: 0.000402 seconds.
  path: Assets/Wikitude/Samples/SamplePrefabs/WikitudeEyeRed.prefab
  artifactKey: Guid(64c03ee8dae374788850db2bdee2793a) Importer(815301076,1909f56bfc062723c751e8b465ee728b)
Start importing Assets/Wikitude/Samples/SamplePrefabs/WikitudeEyeRed.prefab using Guid(64c03ee8dae374788850db2bdee2793a) Importer(815301076,1909f56bfc062723c751e8b465ee728b)  -> (artifact id: 'fd8041eda1d59b4f01940549b569ce85') in 0.031083 seconds 
  Import took 0.036315 seconds .

========================================================================
Received Import Request.
  Time since last request: 4.690664 seconds.
  path: Assets/Wikitude/Dependencies/WikitudeUnityPlugin.dll
  artifactKey: Guid(74f59eb22abf947599d3aecf24b954b2) Importer(815301076,1909f56bfc062723c751e8b465ee728b)
Start importing Assets/Wikitude/Dependencies/WikitudeUnityPlugin.dll using Guid(74f59eb22abf947599d3aecf24b954b2) Importer(815301076,1909f56bfc062723c751e8b465ee728b)  -> (artifact id: '3f1995190ce1e8f837e56382ab798285') in 0.020405 seconds 
  Import took 0.026039 seconds .

========================================================================
Received Import Request.
  Time since last request: 2.752550 seconds.
  path: Assets/Wikitude/Editor/WikitudeUnityEditor.dll
  artifactKey: Guid(493e74d0fc81a48de9b61321944aef02) Importer(815301076,1909f56bfc062723c751e8b465ee728b)
Start importing Assets/Wikitude/Editor/WikitudeUnityEditor.dll using Guid(493e74d0fc81a48de9b61321944aef02) Importer(815301076,1909f56bfc062723c751e8b465ee728b)  -> (artifact id: '17b73fbb46a90ae4898b4d87f630f90f') in 0.012598 seconds 
  Import took 0.017171 seconds .

========================================================================
Received Import Request.
  Time since last request: 162.701967 seconds.
  path: Assets/ExampleAssets/Tutorial/Images/1-welcome-screen-image.png
  artifactKey: Guid(a36153625af524c1f9fb6e04b5ed3e1c) Importer(815301076,1909f56bfc062723c751e8b465ee728b)
Start importing Assets/ExampleAssets/Tutorial/Images/1-welcome-screen-image.png using Guid(a36153625af524c1f9fb6e04b5ed3e1c) Importer(815301076,1909f56bfc062723c751e8b465ee728b)  -> (artifact id: '5ac92974892ef3eb5bb98959be9d0631') in 0.023990 seconds 
  Import took 0.028087 seconds .

========================================================================
Received Import Request.
  Time since last request: 0.000404 seconds.
  path: Assets/Wikitude/Samples/TargetImages/firetruck_image.png
  artifactKey: Guid(3e633b9a2b3a9444f85d835f13934120) Importer(815301076,1909f56bfc062723c751e8b465ee728b)
Start importing Assets/Wikitude/Samples/TargetImages/firetruck_image.png using Guid(3e633b9a2b3a9444f85d835f13934120) Importer(815301076,1909f56bfc062723c751e8b465ee728b)  -> (artifact id: '1a38dfe22c788070784448cd62fb2d0f') in 0.039585 seconds 
  Import took 0.043831 seconds .

========================================================================
Received Import Request.
  Time since last request: 1.293006 seconds.
  path: Assets/ExampleAssets/Tutorial/ARTutorialStyle.asset
  artifactKey: Guid(673c100feae4c40308b05cbe438649eb) Importer(815301076,1909f56bfc062723c751e8b465ee728b)
Start importing Assets/ExampleAssets/Tutorial/ARTutorialStyle.asset using Guid(673c100feae4c40308b05cbe438649eb) Importer(815301076,1909f56bfc062723c751e8b465ee728b)  -> (artifact id: '158374ac181c5dad3511a39d492c2b55') in 0.036152 seconds 
  Import took 0.041003 seconds .

========================================================================
Received Import Request.
  Time since last request: 0.000485 seconds.
  path: Assets/ExampleAssets/Tutorial/ARTutorialWelcomePage.asset
  artifactKey: Guid(d7ed8cdd171b54fe39c58afde8ff5d51) Importer(815301076,1909f56bfc062723c751e8b465ee728b)
Start importing Assets/ExampleAssets/Tutorial/ARTutorialWelcomePage.asset using Guid(d7ed8cdd171b54fe39c58afde8ff5d51) Importer(815301076,1909f56bfc062723c751e8b465ee728b)  -> (artifact id: '342e81675a710117995463e032ed4b78') in 0.018102 seconds 
  Import took 0.022381 seconds .

========================================================================
Received Import Request.
  Time since last request: 0.000400 seconds.
  path: Assets/Wikitude/Samples/SampleMaterials/PlaneMaterial.mat
  artifactKey: Guid(cd661dc42980d4e4aa71921132d665ea) Importer(815301076,1909f56bfc062723c751e8b465ee728b)
Start importing Assets/Wikitude/Samples/SampleMaterials/PlaneMaterial.mat using Guid(cd661dc42980d4e4aa71921132d665ea) Importer(815301076,1909f56bfc062723c751e8b465ee728b)  -> (artifact id: '77b20de5f0dfac51f5017d3c968c0281') in 0.067144 seconds 
  Import took 0.072023 seconds .

========================================================================
Received Import Request.
  Time since last request: 0.000483 seconds.
  path: Assets/ExampleAssets/Tutorial/TutorialsContainer.asset
  artifactKey: Guid(58201dbec29094f7a9c5cf1b87912e6b) Importer(815301076,1909f56bfc062723c751e8b465ee728b)
Start importing Assets/ExampleAssets/Tutorial/TutorialsContainer.asset using Guid(58201dbec29094f7a9c5cf1b87912e6b) Importer(815301076,1909f56bfc062723c751e8b465ee728b)  -> (artifact id: '82e879cbb29892fb014317bb35dbb367') in 0.023880 seconds 
  Import took 0.031276 seconds .

========================================================================
Received Import Request.
  Time since last request: 0.000479 seconds.
  path: Assets/Wikitude/Samples/SampleMaterials/ScanEffectMaterial.mat
  artifactKey: Guid(aee59ba7c4aca46e8ba1454dc473b77f) Importer(815301076,1909f56bfc062723c751e8b465ee728b)
Start importing Assets/Wikitude/Samples/SampleMaterials/ScanEffectMaterial.mat using Guid(aee59ba7c4aca46e8ba1454dc473b77f) Importer(815301076,1909f56bfc062723c751e8b465ee728b)  -> (artifact id: 'efa68b0a5abe0a9f78ad5478bc71a719') in 0.025711 seconds 
  Import took 0.032189 seconds .

========================================================================
Received Import Request.
  Time since last request: 0.000416 seconds.
  path: Assets/Wikitude/Samples/TargetImages/austria.jpg
  artifactKey: Guid(af9d430f3d10d4fe2bcdffa8f9619936) Importer(815301076,1909f56bfc062723c751e8b465ee728b)
Start importing Assets/Wikitude/Samples/TargetImages/austria.jpg using Guid(af9d430f3d10d4fe2bcdffa8f9619936) Importer(815301076,1909f56bfc062723c751e8b465ee728b)  -> (artifact id: '70aa747420a28c68a2d101aae0c95234') in 0.070431 seconds 
  Import took 0.075418 seconds .

========================================================================
Received Import Request.
  Time since last request: 0.000557 seconds.
  path: Assets/ExampleAssets/Tutorial/TutorialProjectSettings.asset
  artifactKey: Guid(81fee52a5ef9d49a9babe154239f82cf) Importer(815301076,1909f56bfc062723c751e8b465ee728b)
Start importing Assets/ExampleAssets/Tutorial/TutorialProjectSettings.asset using Guid(81fee52a5ef9d49a9babe154239f82cf) Importer(815301076,1909f56bfc062723c751e8b465ee728b)  -> (artifact id: 'c578582cc2392abdae7d70c7dec71d4c') in 0.020892 seconds 
  Import took 0.025624 seconds .

========================================================================
Received Import Request.
  Time since last request: 274.707881 seconds.
  path: Assets/Cube.prefab
  artifactKey: Guid(538e94f296522b94594e73a2d74fcb96) Importer(815301076,1909f56bfc062723c751e8b465ee728b)
Start importing Assets/Cube.prefab using Guid(538e94f296522b94594e73a2d74fcb96) Importer(815301076,1909f56bfc062723c751e8b465ee728b)  -> (artifact id: '34b06652b240362ff35ca87188ad4fd6') in 0.021852 seconds 
  Import took 0.028321 seconds .

========================================================================
Received Import Request.
  Time since last request: 31.858009 seconds.
  path: Assets/Cube.prefab
  artifactKey: Guid(538e94f296522b94594e73a2d74fcb96) Importer(815301076,1909f56bfc062723c751e8b465ee728b)
Start importing Assets/Cube.prefab using Guid(538e94f296522b94594e73a2d74fcb96) Importer(815301076,1909f56bfc062723c751e8b465ee728b)  -> (artifact id: '5aab7d9ed18648a0df945fed508877e2') in 0.014593 seconds 
  Import took 0.019659 seconds .

========================================================================
Received Import Request.
  Time since last request: 14.522366 seconds.
  path: Assets/Cube.prefab
  artifactKey: Guid(538e94f296522b94594e73a2d74fcb96) Importer(815301076,1909f56bfc062723c751e8b465ee728b)
Start importing Assets/Cube.prefab using Guid(538e94f296522b94594e73a2d74fcb96) Importer(815301076,1909f56bfc062723c751e8b465ee728b)  -> (artifact id: '57908e16d70758b126cdecc4f59cafcf') in 0.013041 seconds 
  Import took 0.018179 seconds .

========================================================================
Received Prepare
Registering precompiled user dll's ...
Registered in 0.023067 seconds.
Begin MonoManager ReloadAssembly
Native extension for WindowsStandalone target not found
Refreshing native plugins compatible for Editor in 1.35 ms, found 11 plugins.
Preloading 1 native plugins for Editor in 0.12 ms.
Mono: successfully reloaded assembly
- Completed reload, in  1.836 seconds
Domain Reload Profiling:
	ReloadAssembly (1837ms)
		BeginReloadAssembly (193ms)
			ExecutionOrderSort (0ms)
			DisableScriptedObjects (6ms)
			BackupInstance (0ms)
			ReleaseScriptingObjects (0ms)
			CreateAndSetChildDomain (62ms)
		EndReloadAssembly (1531ms)
			LoadAssemblies (196ms)
			RebuildTransferFunctionScriptingTraits (0ms)
			SetupTypeCache (549ms)
			ReleaseScriptCaches (1ms)
			RebuildScriptCaches (72ms)
			SetupLoadedEditorAssemblies (534ms)
				LogAssemblyErrors (0ms)
				InitializePlatformSupportModulesInManaged (8ms)
				SetLoadedEditorAssemblies (1ms)
				RefreshPlugins (2ms)
				BeforeProcessingInitializeOnLoad (155ms)
				ProcessInitializeOnLoadAttributes (347ms)
				ProcessInitializeOnLoadMethodAttributes (13ms)
				AfterProcessingInitializeOnLoad (8ms)
				EditorAssembliesLoaded (0ms)
			ExecutionOrderSort2 (0ms)
			AwakeInstancesAfterBackupRestoration (12ms)
Platform modules already initialized, skipping
Refreshing native plugins compatible for Editor in 1.27 ms, found 11 plugins.
Preloading 1 native plugins for Editor in 0.18 ms.
Unloading 2270 Unused Serialized files (Serialized files now loaded: 0)
System memory in use before: 95.1 MB.
System memory in use after: 95.3 MB.

Unloading 37 unused Assets to reduce memory usage. Loaded Objects now: 2804.
Total: 6.027400 ms (FindLiveObjects: 0.281400 ms CreateObjectMapping: 0.244400 ms MarkObjects: 5.410000 ms  DeleteObjects: 0.089200 ms)

AssetImportParameters requested are different than current active one (requested -> active):
  custom:framework-win-MediaFoundation: 216162199b28c13a410421893ffa2e32 -> 
  custom:video-decoder-ogg-theora: a1e56fd34408186e4bbccfd4996cb3dc -> 
  custom:container-muxer-webm: aa71ff27fc2769a1b78a27578f13a17b -> 
  custom:container-demuxer-webm: 4f35f7cbe854078d1ac9338744f61a02 -> 
  custom:container-demuxer-ogg: 62fdf1f143b41e24485cea50d1cbac27 -> 
  custom:video-encoder-webm-vp8: eb34c28f22e8b96e1ab97ce403110664 -> 
  custom:video-codec-MediaFoundation-h265: 746d11721c4dcdbdad8f713fa42b33f4 -> 
  custom:video-decoder-webm-vp8: 9c59270c3fd7afecdb556c50c9e8de78 -> 
  custom:audio-decoder-ogg-vorbis: bf7c407c2cedff20999df2af8eb42d56 -> 
  custom:audio-encoder-webm-vorbis: bf7c407c2cedff20999df2af8eb42d56 -> 
========================================================================
Received Prepare
Registering precompiled user dll's ...
Registered in 0.017708 seconds.
Begin MonoManager ReloadAssembly
Native extension for WindowsStandalone target not found
Refreshing native plugins compatible for Editor in 1.88 ms, found 11 plugins.
Preloading 1 native plugins for Editor in 0.10 ms.
Mono: successfully reloaded assembly
- Completed reload, in  1.567 seconds
Domain Reload Profiling:
	ReloadAssembly (1567ms)
		BeginReloadAssembly (132ms)
			ExecutionOrderSort (0ms)
			DisableScriptedObjects (5ms)
			BackupInstance (0ms)
			ReleaseScriptingObjects (0ms)
			CreateAndSetChildDomain (46ms)
		EndReloadAssembly (1351ms)
			LoadAssemblies (150ms)
			RebuildTransferFunctionScriptingTraits (0ms)
			SetupTypeCache (449ms)
			ReleaseScriptCaches (1ms)
			RebuildScriptCaches (72ms)
			SetupLoadedEditorAssemblies (513ms)
				LogAssemblyErrors (0ms)
				InitializePlatformSupportModulesInManaged (7ms)
				SetLoadedEditorAssemblies (1ms)
				RefreshPlugins (2ms)
				BeforeProcessingInitializeOnLoad (158ms)
				ProcessInitializeOnLoadAttributes (325ms)
				ProcessInitializeOnLoadMethodAttributes (12ms)
				AfterProcessingInitializeOnLoad (8ms)
				EditorAssembliesLoaded (0ms)
			ExecutionOrderSort2 (0ms)
			AwakeInstancesAfterBackupRestoration (11ms)
Platform modules already initialized, skipping
Refreshing native plugins compatible for Editor in 0.92 ms, found 11 plugins.
Preloading 1 native plugins for Editor in 0.07 ms.
Unloading 2270 Unused Serialized files (Serialized files now loaded: 0)
System memory in use before: 95.1 MB.
System memory in use after: 95.3 MB.

Unloading 36 unused Assets to reduce memory usage. Loaded Objects now: 2807.
Total: 3.875600 ms (FindLiveObjects: 0.232200 ms CreateObjectMapping: 0.121900 ms MarkObjects: 3.451000 ms  DeleteObjects: 0.069100 ms)

AssetImportParameters requested are different than current active one (requested -> active):
  custom:framework-win-MediaFoundation: 216162199b28c13a410421893ffa2e32 -> 
  custom:video-decoder-ogg-theora: a1e56fd34408186e4bbccfd4996cb3dc -> 
  custom:container-muxer-webm: aa71ff27fc2769a1b78a27578f13a17b -> 
  custom:container-demuxer-webm: 4f35f7cbe854078d1ac9338744f61a02 -> 
  custom:container-demuxer-ogg: 62fdf1f143b41e24485cea50d1cbac27 -> 
  custom:video-encoder-webm-vp8: eb34c28f22e8b96e1ab97ce403110664 -> 
  custom:video-codec-MediaFoundation-h265: 746d11721c4dcdbdad8f713fa42b33f4 -> 
  custom:video-decoder-webm-vp8: 9c59270c3fd7afecdb556c50c9e8de78 -> 
  custom:audio-decoder-ogg-vorbis: bf7c407c2cedff20999df2af8eb42d56 -> 
  custom:audio-encoder-webm-vorbis: bf7c407c2cedff20999df2af8eb42d56 -> 
AssetImportWorkerClient::OnTransportError - code=2 error=End of file
